This is pdfTeX, Version 3.141592653-2.6-1.40.26 (TeX Live 2024) (preloaded format=pdflatex 2025.2.17)  28 SEP 2025 22:54
entering extended mode
 restricted \write18 enabled.
 %&-line parsing enabled.
**Assignment_1_MQ.tex
(./Assignment_1_MQ.tex
LaTeX2e <2024-11-01> patch level 2
L3 programming layer <2025-01-18>
(c:/Users/Uzma/AppData/Roaming/TinyTeX/texmf-dist/tex/latex/base/article.cls
Document Class: article 2024/06/29 v1.4n Standard LaTeX document class
(c:/Users/Uzma/AppData/Roaming/TinyTeX/texmf-dist/tex/latex/base/size10.clo
File: size10.clo 2024/06/29 v1.4n Standard LaTeX file (size option)
)
\c@part=\count196
\c@section=\count197
\c@subsection=\count198
\c@subsubsection=\count199
\c@paragraph=\count266
\c@subparagraph=\count267
\c@figure=\count268
\c@table=\count269
\abovecaptionskip=\skip49
\belowcaptionskip=\skip50
\bibindent=\dimen141
) (c:/Users/Uzma/AppData/Roaming/TinyTeX/texmf-dist/tex/latex/amsmath/amsmath.sty
Package: amsmath 2024/11/05 v2.17t AMS math features
\@mathmargin=\skip51
For additional information on amsmath, use the `?' option.
(c:/Users/Uzma/AppData/Roaming/TinyTeX/texmf-dist/tex/latex/amsmath/amstext.sty
Package: amstext 2021/08/26 v2.01 AMS text
(c:/Users/Uzma/AppData/Roaming/TinyTeX/texmf-dist/tex/latex/amsmath/amsgen.sty
File: amsgen.sty 1999/11/30 v2.0 generic functions
\@emptytoks=\toks17
\ex@=\dimen142
)) (c:/Users/Uzma/AppData/Roaming/TinyTeX/texmf-dist/tex/latex/amsmath/amsbsy.sty
Package: amsbsy 1999/11/29 v1.2d Bold Symbols
\pmbraise@=\dimen143
) (c:/Users/Uzma/AppData/Roaming/TinyTeX/texmf-dist/tex/latex/amsmath/amsopn.sty
Package: amsopn 2022/04/08 v2.04 operator names
)
\inf@bad=\count270
LaTeX Info: Redefining \frac on input line 233.
\uproot@=\count271
\leftroot@=\count272
LaTeX Info: Redefining \overline on input line 398.
LaTeX Info: Redefining \colon on input line 409.
\classnum@=\count273
\DOTSCASE@=\count274
LaTeX Info: Redefining \ldots on input line 495.
LaTeX Info: Redefining \dots on input line 498.
LaTeX Info: Redefining \cdots on input line 619.
\Mathstrutbox@=\box52
\strutbox@=\box53
LaTeX Info: Redefining \big on input line 721.
LaTeX Info: Redefining \Big on input line 722.
LaTeX Info: Redefining \bigg on input line 723.
LaTeX Info: Redefining \Bigg on input line 724.
\big@size=\dimen144
LaTeX Font Info:    Redeclaring font encoding OML on input line 742.
LaTeX Font Info:    Redeclaring font encoding OMS on input line 743.
\macc@depth=\count275
LaTeX Info: Redefining \bmod on input line 904.
LaTeX Info: Redefining \pmod on input line 909.
LaTeX Info: Redefining \smash on input line 939.
LaTeX Info: Redefining \relbar on input line 969.
LaTeX Info: Redefining \Relbar on input line 970.
\c@MaxMatrixCols=\count276
\dotsspace@=\muskip17
\c@parentequation=\count277
\dspbrk@lvl=\count278
\tag@help=\toks18
\row@=\count279
\column@=\count280
\maxfields@=\count281
\andhelp@=\toks19
\eqnshift@=\dimen145
\alignsep@=\dimen146
\tagshift@=\dimen147
\tagwidth@=\dimen148
\totwidth@=\dimen149
\lineht@=\dimen150
\@envbody=\toks20
\multlinegap=\skip52
\multlinetaggap=\skip53
\mathdisplay@stack=\toks21
LaTeX Info: Redefining \[ on input line 2953.
LaTeX Info: Redefining \] on input line 2954.
) (c:/Users/Uzma/AppData/Roaming/TinyTeX/texmf-dist/tex/latex/amsfonts/amssymb.sty
Package: amssymb 2013/01/14 v3.01 AMS font symbols
(c:/Users/Uzma/AppData/Roaming/TinyTeX/texmf-dist/tex/latex/amsfonts/amsfonts.sty
Package: amsfonts 2013/01/14 v3.01 Basic AMSFonts support
\symAMSa=\mathgroup4
\symAMSb=\mathgroup5
LaTeX Font Info:    Redeclaring math symbol \hbar on input line 98.
LaTeX Font Info:    Overwriting math alphabet `\mathfrak' in version `bold'
(Font)                  U/euf/m/n --> U/euf/b/n on input line 106.
)) (c:/Users/Uzma/AppData/Roaming/TinyTeX/texmf-dist/tex/generic/iftex/iftex.sty
Package: iftex 2024/12/12 v1.0g TeX engine tests
) (c:/Users/Uzma/AppData/Roaming/TinyTeX/texmf-dist/tex/latex/base/fontenc.sty
Package: fontenc 2021/04/29 v2.0v Standard LaTeX package
) (c:/Users/Uzma/AppData/Roaming/TinyTeX/texmf-dist/tex/latex/base/inputenc.sty
Package: inputenc 2024/02/08 v1.3d Input encoding file
\inpenc@prehook=\toks22
\inpenc@posthook=\toks23
) (c:/Users/Uzma/AppData/Roaming/TinyTeX/texmf-dist/tex/latex/base/textcomp.sty
Package: textcomp 2024/04/24 v2.1b Standard LaTeX package
) (c:/Users/Uzma/AppData/Roaming/TinyTeX/texmf-dist/tex/latex/lm/lmodern.sty
Package: lmodern 2015/05/01 v1.6.1 Latin Modern Fonts
LaTeX Font Info:    Overwriting symbol font `operators' in version `normal'
(Font)                  OT1/cmr/m/n --> OT1/lmr/m/n on input line 22.
LaTeX Font Info:    Overwriting symbol font `letters' in version `normal'
(Font)                  OML/cmm/m/it --> OML/lmm/m/it on input line 23.
LaTeX Font Info:    Overwriting symbol font `symbols' in version `normal'
(Font)                  OMS/cmsy/m/n --> OMS/lmsy/m/n on input line 24.
LaTeX Font Info:    Overwriting symbol font `largesymbols' in version `normal'
(Font)                  OMX/cmex/m/n --> OMX/lmex/m/n on input line 25.
LaTeX Font Info:    Overwriting symbol font `operators' in version `bold'
(Font)                  OT1/cmr/bx/n --> OT1/lmr/bx/n on input line 26.
LaTeX Font Info:    Overwriting symbol font `letters' in version `bold'
(Font)                  OML/cmm/b/it --> OML/lmm/b/it on input line 27.
LaTeX Font Info:    Overwriting symbol font `symbols' in version `bold'
(Font)                  OMS/cmsy/b/n --> OMS/lmsy/b/n on input line 28.
LaTeX Font Info:    Overwriting symbol font `largesymbols' in version `bold'
(Font)                  OMX/cmex/m/n --> OMX/lmex/m/n on input line 29.
LaTeX Font Info:    Overwriting math alphabet `\mathbf' in version `normal'
(Font)                  OT1/cmr/bx/n --> OT1/lmr/bx/n on input line 31.
LaTeX Font Info:    Overwriting math alphabet `\mathsf' in version `normal'
(Font)                  OT1/cmss/m/n --> OT1/lmss/m/n on input line 32.
LaTeX Font Info:    Overwriting math alphabet `\mathit' in version `normal'
(Font)                  OT1/cmr/m/it --> OT1/lmr/m/it on input line 33.
LaTeX Font Info:    Overwriting math alphabet `\mathtt' in version `normal'
(Font)                  OT1/cmtt/m/n --> OT1/lmtt/m/n on input line 34.
LaTeX Font Info:    Overwriting math alphabet `\mathbf' in version `bold'
(Font)                  OT1/cmr/bx/n --> OT1/lmr/bx/n on input line 35.
LaTeX Font Info:    Overwriting math alphabet `\mathsf' in version `bold'
(Font)                  OT1/cmss/bx/n --> OT1/lmss/bx/n on input line 36.
LaTeX Font Info:    Overwriting math alphabet `\mathit' in version `bold'
(Font)                  OT1/cmr/bx/it --> OT1/lmr/bx/it on input line 37.
LaTeX Font Info:    Overwriting math alphabet `\mathtt' in version `bold'
(Font)                  OT1/cmtt/m/n --> OT1/lmtt/m/n on input line 38.
) (c:/Users/Uzma/AppData/Roaming/TinyTeX/texmf-dist/tex/latex/xcolor/xcolor.sty
Package: xcolor 2024/09/29 v3.02 LaTeX color extensions (UK)
(c:/Users/Uzma/AppData/Roaming/TinyTeX/texmf-dist/tex/latex/graphics-cfg/color.cfg
File: color.cfg 2016/01/02 v1.6 sample color configuration
)
Package xcolor Info: Driver file: pdftex.def on input line 274.
(c:/Users/Uzma/AppData/Roaming/TinyTeX/texmf-dist/tex/latex/graphics-def/pdftex.def
File: pdftex.def 2024/04/13 v1.2c Graphics/color driver for pdftex
) (c:/Users/Uzma/AppData/Roaming/TinyTeX/texmf-dist/tex/latex/graphics/mathcolor.ltx)
Package xcolor Info: Model `cmy' substituted by `cmy0' on input line 1349.
Package xcolor Info: Model `hsb' substituted by `rgb' on input line 1353.
Package xcolor Info: Model `RGB' extended on input line 1365.
Package xcolor Info: Model `HTML' substituted by `rgb' on input line 1367.
Package xcolor Info: Model `Hsb' substituted by `hsb' on input line 1368.
Package xcolor Info: Model `tHsb' substituted by `hsb' on input line 1369.
Package xcolor Info: Model `HSB' substituted by `hsb' on input line 1370.
Package xcolor Info: Model `Gray' substituted by `gray' on input line 1371.
Package xcolor Info: Model `wave' substituted by `hsb' on input line 1372.
) (c:/Users/Uzma/AppData/Roaming/TinyTeX/texmf-dist/tex/latex/geometry/geometry.sty
Package: geometry 2020/01/02 v5.9 Page Geometry
(c:/Users/Uzma/AppData/Roaming/TinyTeX/texmf-dist/tex/latex/graphics/keyval.sty
Package: keyval 2022/05/29 v1.15 key=value parser (DPC)
\KV@toks@=\toks24
) (c:/Users/Uzma/AppData/Roaming/TinyTeX/texmf-dist/tex/generic/iftex/ifvtex.sty
Package: ifvtex 2019/10/25 v1.7 ifvtex legacy package. Use iftex instead.
)
\Gm@cnth=\count282
\Gm@cntv=\count283
\c@Gm@tempcnt=\count284
\Gm@bindingoffset=\dimen151
\Gm@wd@mp=\dimen152
\Gm@odd@mp=\dimen153
\Gm@even@mp=\dimen154
\Gm@layoutwidth=\dimen155
\Gm@layoutheight=\dimen156
\Gm@layouthoffset=\dimen157
\Gm@layoutvoffset=\dimen158
\Gm@dimlist=\toks25
) (c:/Users/Uzma/AppData/Roaming/TinyTeX/texmf-dist/tex/latex/fancyvrb/fancyvrb.sty
Package: fancyvrb 2024/01/20 4.5c verbatim text (tvz,hv)
\FV@CodeLineNo=\count285
\FV@InFile=\read2
\FV@TabBox=\box54
\c@FancyVerbLine=\count286
\FV@StepNumber=\count287
\FV@OutFile=\write3
) (c:/Users/Uzma/AppData/Roaming/TinyTeX/texmf-dist/tex/latex/framed/framed.sty
Package: framed 2011/10/22 v 0.96: framed or shaded text with page breaks
\OuterFrameSep=\skip54
\fb@frw=\dimen159
\fb@frh=\dimen160
\FrameRule=\dimen161
\FrameSep=\dimen162
) (c:/Users/Uzma/AppData/Roaming/TinyTeX/texmf-dist/tex/latex/graphics/graphicx.sty
Package: graphicx 2021/09/16 v1.2d Enhanced LaTeX Graphics (DPC,SPQR)
(c:/Users/Uzma/AppData/Roaming/TinyTeX/texmf-dist/tex/latex/graphics/graphics.sty
Package: graphics 2024/08/06 v1.4g Standard LaTeX Graphics (DPC,SPQR)
(c:/Users/Uzma/AppData/Roaming/TinyTeX/texmf-dist/tex/latex/graphics/trig.sty
Package: trig 2023/12/02 v1.11 sin cos tan (DPC)
) (c:/Users/Uzma/AppData/Roaming/TinyTeX/texmf-dist/tex/latex/graphics-cfg/graphics.cfg
File: graphics.cfg 2016/06/04 v1.11 sample graphics configuration
)
Package graphics Info: Driver file: pdftex.def on input line 106.
)
\Gin@req@height=\dimen163
\Gin@req@width=\dimen164
)
\pandoc@box=\box55
(c:/Users/Uzma/AppData/Roaming/TinyTeX/texmf-dist/tex/latex/bookmark/bookmark.sty
Package: bookmark 2023-12-10 v1.31 PDF bookmarks (HO)
(c:/Users/Uzma/AppData/Roaming/TinyTeX/texmf-dist/tex/latex/hyperref/hyperref.sty
Package: hyperref 2024-11-05 v7.01l Hypertext links for LaTeX
(c:/Users/Uzma/AppData/Roaming/TinyTeX/texmf-dist/tex/latex/kvsetkeys/kvsetkeys.sty
Package: kvsetkeys 2022-10-05 v1.19 Key value parser (HO)
) (c:/Users/Uzma/AppData/Roaming/TinyTeX/texmf-dist/tex/generic/kvdefinekeys/kvdefinekeys.sty
Package: kvdefinekeys 2019-12-19 v1.6 Define keys (HO)
) (c:/Users/Uzma/AppData/Roaming/TinyTeX/texmf-dist/tex/generic/pdfescape/pdfescape.sty
Package: pdfescape 2019/12/09 v1.15 Implements pdfTeX's escape features (HO)
(c:/Users/Uzma/AppData/Roaming/TinyTeX/texmf-dist/tex/generic/ltxcmds/ltxcmds.sty
Package: ltxcmds 2023-12-04 v1.26 LaTeX kernel commands for general use (HO)
) (c:/Users/Uzma/AppData/Roaming/TinyTeX/texmf-dist/tex/generic/pdftexcmds/pdftexcmds.sty
Package: pdftexcmds 2020-06-27 v0.33 Utility functions of pdfTeX for LuaTeX (HO)
(c:/Users/Uzma/AppData/Roaming/TinyTeX/texmf-dist/tex/generic/infwarerr/infwarerr.sty
Package: infwarerr 2019/12/03 v1.5 Providing info/warning/error messages (HO)
)
Package pdftexcmds Info: \pdf@primitive is available.
Package pdftexcmds Info: \pdf@ifprimitive is available.
Package pdftexcmds Info: \pdfdraftmode found.
)) (c:/Users/Uzma/AppData/Roaming/TinyTeX/texmf-dist/tex/latex/hycolor/hycolor.sty
Package: hycolor 2020-01-27 v1.10 Color options for hyperref/bookmark (HO)
) (c:/Users/Uzma/AppData/Roaming/TinyTeX/texmf-dist/tex/latex/hyperref/nameref.sty
Package: nameref 2023-11-26 v2.56 Cross-referencing by name of section
(c:/Users/Uzma/AppData/Roaming/TinyTeX/texmf-dist/tex/latex/refcount/refcount.sty
Package: refcount 2019/12/15 v3.6 Data extraction from label references (HO)
) (c:/Users/Uzma/AppData/Roaming/TinyTeX/texmf-dist/tex/generic/gettitlestring/gettitlestring.sty
Package: gettitlestring 2019/12/15 v1.6 Cleanup title references (HO)
(c:/Users/Uzma/AppData/Roaming/TinyTeX/texmf-dist/tex/latex/kvoptions/kvoptions.sty
Package: kvoptions 2022-06-15 v3.15 Key value format for package options (HO)
))
\c@section@level=\count288
) (c:/Users/Uzma/AppData/Roaming/TinyTeX/texmf-dist/tex/latex/etoolbox/etoolbox.sty
Package: etoolbox 2025/02/11 v2.5l e-TeX tools for LaTeX (JAW)
\etb@tempcnta=\count289
) (c:/Users/Uzma/AppData/Roaming/TinyTeX/texmf-dist/tex/generic/stringenc/stringenc.sty
Package: stringenc 2019/11/29 v1.12 Convert strings between diff. encodings (HO)
)
\@linkdim=\dimen165
\Hy@linkcounter=\count290
\Hy@pagecounter=\count291
(c:/Users/Uzma/AppData/Roaming/TinyTeX/texmf-dist/tex/latex/hyperref/pd1enc.def
File: pd1enc.def 2024-11-05 v7.01l Hyperref: PDFDocEncoding definition (HO)
Now handling font encoding PD1 ...
... no UTF-8 mapping file for font encoding PD1
) (c:/Users/Uzma/AppData/Roaming/TinyTeX/texmf-dist/tex/generic/intcalc/intcalc.sty
Package: intcalc 2019/12/15 v1.3 Expandable calculations with integers (HO)
)
\Hy@SavedSpaceFactor=\count292
(c:/Users/Uzma/AppData/Roaming/TinyTeX/texmf-dist/tex/latex/hyperref/puenc.def
File: puenc.def 2024-11-05 v7.01l Hyperref: PDF Unicode definition (HO)
Now handling font encoding PU ...
... no UTF-8 mapping file for font encoding PU
)
Package hyperref Info: Option `unicode' set `true' on input line 4040.
Package hyperref Info: Hyper figures OFF on input line 4157.
Package hyperref Info: Link nesting OFF on input line 4162.
Package hyperref Info: Hyper index ON on input line 4165.
Package hyperref Info: Plain pages OFF on input line 4172.
Package hyperref Info: Backreferencing OFF on input line 4177.
Package hyperref Info: Implicit mode ON; LaTeX internals redefined.
Package hyperref Info: Bookmarks ON on input line 4424.
\c@Hy@tempcnt=\count293
(c:/Users/Uzma/AppData/Roaming/TinyTeX/texmf-dist/tex/latex/url/url.sty
\Urlmuskip=\muskip18
Package: url 2013/09/16  ver 3.4  Verb mode for urls, etc.
)
LaTeX Info: Redefining \url on input line 4763.
\XeTeXLinkMargin=\dimen166
(c:/Users/Uzma/AppData/Roaming/TinyTeX/texmf-dist/tex/generic/bitset/bitset.sty
Package: bitset 2019/12/09 v1.3 Handle bit-vector datatype (HO)
(c:/Users/Uzma/AppData/Roaming/TinyTeX/texmf-dist/tex/generic/bigintcalc/bigintcalc.sty
Package: bigintcalc 2019/12/15 v1.5 Expandable calculations on big integers (HO)
))
\Fld@menulength=\count294
\Field@Width=\dimen167
\Fld@charsize=\dimen168
Package hyperref Info: Hyper figures OFF on input line 6042.
Package hyperref Info: Link nesting OFF on input line 6047.
Package hyperref Info: Hyper index ON on input line 6050.
Package hyperref Info: backreferencing OFF on input line 6057.
Package hyperref Info: Link coloring OFF on input line 6062.
Package hyperref Info: Link coloring with OCG OFF on input line 6067.
Package hyperref Info: PDF/A mode OFF on input line 6072.
(c:/Users/Uzma/AppData/Roaming/TinyTeX/texmf-dist/tex/latex/base/atbegshi-ltx.sty
Package: atbegshi-ltx 2021/01/10 v1.0c Emulation of the original atbegshi
package with kernel methods
)
\Hy@abspage=\count295
\c@Item=\count296
\c@Hfootnote=\count297
)
Package hyperref Info: Driver (autodetected): hpdftex.
(c:/Users/Uzma/AppData/Roaming/TinyTeX/texmf-dist/tex/latex/hyperref/hpdftex.def
File: hpdftex.def 2024-11-05 v7.01l Hyperref driver for pdfTeX
(c:/Users/Uzma/AppData/Roaming/TinyTeX/texmf-dist/tex/latex/base/atveryend-ltx.sty
Package: atveryend-ltx 2020/08/19 v1.0a Emulation of the original atveryend package
with kernel methods
)
\Fld@listcount=\count298
\c@bookmark@seq@number=\count299
(c:/Users/Uzma/AppData/Roaming/TinyTeX/texmf-dist/tex/latex/rerunfilecheck/rerunfilecheck.sty
Package: rerunfilecheck 2022-07-10 v1.10 Rerun checks for auxiliary files (HO)
(c:/Users/Uzma/AppData/Roaming/TinyTeX/texmf-dist/tex/generic/uniquecounter/uniquecounter.sty
Package: uniquecounter 2019/12/15 v1.4 Provide unlimited unique counter (HO)
)
Package uniquecounter Info: New unique counter `rerunfilecheck' on input line 285.
)
\Hy@SectionHShift=\skip55
) (c:/Users/Uzma/AppData/Roaming/TinyTeX/texmf-dist/tex/latex/bookmark/bkm-pdftex.def
File: bkm-pdftex.def 2023-12-10 v1.31 bookmark driver for pdfTeX and luaTeX (HO)
\BKM@id=\count300
))
LaTeX Font Info:    Trying to load font information for T1+lmr on input line 112.
(c:/Users/Uzma/AppData/Roaming/TinyTeX/texmf-dist/tex/latex/lm/t1lmr.fd
File: t1lmr.fd 2015/05/01 v1.6.1 Font defs for Latin Modern
) (c:/Users/Uzma/AppData/Roaming/TinyTeX/texmf-dist/tex/latex/l3backend/l3backend-pdftex.def
File: l3backend-pdftex.def 2024-05-08 L3 backend support: PDF output (pdfTeX)
\l__color_backend_stack_int=\count301
\l__pdf_internal_box=\box56
)
No file Assignment_1_MQ.aux.
\openout1 = `Assignment_1_MQ.aux'.

LaTeX Font Info:    Checking defaults for OML/cmm/m/it on input line 112.
LaTeX Font Info:    ... okay on input line 112.
LaTeX Font Info:    Checking defaults for OMS/cmsy/m/n on input line 112.
LaTeX Font Info:    ... okay on input line 112.
LaTeX Font Info:    Checking defaults for OT1/cmr/m/n on input line 112.
LaTeX Font Info:    ... okay on input line 112.
LaTeX Font Info:    Checking defaults for T1/cmr/m/n on input line 112.
LaTeX Font Info:    ... okay on input line 112.
LaTeX Font Info:    Checking defaults for TS1/cmr/m/n on input line 112.
LaTeX Font Info:    ... okay on input line 112.
LaTeX Font Info:    Checking defaults for OMX/cmex/m/n on input line 112.
LaTeX Font Info:    ... okay on input line 112.
LaTeX Font Info:    Checking defaults for U/cmr/m/n on input line 112.
LaTeX Font Info:    ... okay on input line 112.
LaTeX Font Info:    Checking defaults for PD1/pdf/m/n on input line 112.
LaTeX Font Info:    ... okay on input line 112.
LaTeX Font Info:    Checking defaults for PU/pdf/m/n on input line 112.
LaTeX Font Info:    ... okay on input line 112.
(c:/Users/Uzma/AppData/Roaming/TinyTeX/texmf-dist/tex/latex/epstopdf-pkg/epstopdf-base.sty
Package: epstopdf-base 2020-01-24 v2.11 Base part for package epstopdf
Package epstopdf-base Info: Redefining graphics rule for `.eps' on input line 485.
(c:/Users/Uzma/AppData/Roaming/TinyTeX/texmf-dist/tex/latex/latexconfig/epstopdf-sys.cfg
File: epstopdf-sys.cfg 2010/07/13 v1.3 Configuration of (r)epstopdf for TeX Live
))
*geometry* driver: auto-detecting
*geometry* detected driver: pdftex
*geometry* verbose mode - [ preamble ] result:
* driver: pdftex
* paper: <default>
* layout: <same size as paper>
* layoutoffset:(h,v)=(0.0pt,0.0pt)
* modes: 
* h-part:(L,W,R)=(72.26999pt, 469.75502pt, 72.26999pt)
* v-part:(T,H,B)=(72.26999pt, 650.43001pt, 72.26999pt)
* \paperwidth=614.295pt
* \paperheight=794.96999pt
* \textwidth=469.75502pt
* \textheight=650.43001pt
* \oddsidemargin=0.0pt
* \evensidemargin=0.0pt
* \topmargin=-37.0pt
* \headheight=12.0pt
* \headsep=25.0pt
* \topskip=10.0pt
* \footskip=30.0pt
* \marginparwidth=65.0pt
* \marginparsep=11.0pt
* \columnsep=10.0pt
* \skip\footins=9.0pt plus 4.0pt minus 2.0pt
* \hoffset=0.0pt
* \voffset=0.0pt
* \mag=1000
* \@twocolumnfalse
* \@twosidefalse
* \@mparswitchfalse
* \@reversemarginfalse
* (1in=72.27pt=25.4mm, 1cm=28.453pt)

Package hyperref Info: Link coloring OFF on input line 112.
LaTeX Font Info:    Trying to load font information for OT1+lmr on input line 114.
(c:/Users/Uzma/AppData/Roaming/TinyTeX/texmf-dist/tex/latex/lm/ot1lmr.fd
File: ot1lmr.fd 2015/05/01 v1.6.1 Font defs for Latin Modern
)
LaTeX Font Info:    Trying to load font information for OML+lmm on input line 114.
(c:/Users/Uzma/AppData/Roaming/TinyTeX/texmf-dist/tex/latex/lm/omllmm.fd
File: omllmm.fd 2015/05/01 v1.6.1 Font defs for Latin Modern
)
LaTeX Font Info:    Trying to load font information for OMS+lmsy on input line 114.
(c:/Users/Uzma/AppData/Roaming/TinyTeX/texmf-dist/tex/latex/lm/omslmsy.fd
File: omslmsy.fd 2015/05/01 v1.6.1 Font defs for Latin Modern
)
LaTeX Font Info:    Trying to load font information for OMX+lmex on input line 114.
(c:/Users/Uzma/AppData/Roaming/TinyTeX/texmf-dist/tex/latex/lm/omxlmex.fd
File: omxlmex.fd 2015/05/01 v1.6.1 Font defs for Latin Modern
)
LaTeX Font Info:    External font `lmex10' loaded for size
(Font)              <12> on input line 114.
LaTeX Font Info:    External font `lmex10' loaded for size
(Font)              <8> on input line 114.
LaTeX Font Info:    External font `lmex10' loaded for size
(Font)              <6> on input line 114.
LaTeX Font Info:    Trying to load font information for U+msa on input line 114.
(c:/Users/Uzma/AppData/Roaming/TinyTeX/texmf-dist/tex/latex/amsfonts/umsa.fd
File: umsa.fd 2013/01/14 v3.01 AMS symbols A
)
LaTeX Font Info:    Trying to load font information for U+msb on input line 114.
(c:/Users/Uzma/AppData/Roaming/TinyTeX/texmf-dist/tex/latex/amsfonts/umsb.fd
File: umsb.fd 2013/01/14 v3.01 AMS symbols B
)
No file Assignment_1_MQ.toc.
\tf@toc=\write4
\openout4 = `Assignment_1_MQ.toc'.

LaTeX Font Info:    Trying to load font information for T1+lmtt on input line 123.
(c:/Users/Uzma/AppData/Roaming/TinyTeX/texmf-dist/tex/latex/lm/t1lmtt.fd
File: t1lmtt.fd 2015/05/01 v1.6.1 Font defs for Latin Modern
)
LaTeX Font Info:    Trying to load font information for TS1+lmr on input line 135.
(c:/Users/Uzma/AppData/Roaming/TinyTeX/texmf-dist/tex/latex/lm/ts1lmr.fd
File: ts1lmr.fd 2015/05/01 v1.6.1 Font defs for Latin Modern
)
Underfull \hbox (badness 10000) in paragraph at lines 140--142

 []


Underfull \hbox (badness 10000) in paragraph at lines 152--155

 []


Underfull \hbox (badness 10000) in paragraph at lines 164--167

 []


Underfull \hbox (badness 10000) in paragraph at lines 176--178

 []


Underfull \hbox (badness 10000) in paragraph at lines 187--190

 []


Underfull \hbox (badness 10000) in paragraph at lines 199--201

 []



[1

{c:/Users/Uzma/AppData/Roaming/TinyTeX/texmf-var/fonts/map/pdftex/updmap/pdftex.map}{c:/Users/Uzma/AppData/Roaming/TinyTeX/texmf-dist/fonts/enc/dvips/lm/lm-ec.enc}{c:/Users/Uzma/AppData/Roaming/TinyTeX/texmf-dist/fonts/enc/dvips/lm/lm-ts1.enc}]
Underfull \hbox (badness 10000) in paragraph at lines 210--212

 []


Underfull \hbox (badness 10000) in paragraph at lines 230--233

 []


Underfull \hbox (badness 10000) in paragraph at lines 241--243

 []


Underfull \hbox (badness 10000) in paragraph at lines 252--254

 []


Underfull \hbox (badness 10000) in paragraph at lines 263--265

 []


Underfull \hbox (badness 10000) in paragraph at lines 265--267

 []


Underfull \hbox (badness 10000) in paragraph at lines 285--288

 []


Underfull \hbox (badness 10000) in paragraph at lines 297--300

 []


Underfull \hbox (badness 10000) in paragraph at lines 309--311

 []


Underfull \hbox (badness 10000) in paragraph at lines 320--323

 []



[2]
Underfull \hbox (badness 10000) in paragraph at lines 340--342

 []


Underfull \hbox (badness 10000) in paragraph at lines 351--353

 []


Underfull \hbox (badness 10000) in paragraph at lines 362--364

 []


Underfull \hbox (badness 10000) in paragraph at lines 373--375

 []


Underfull \hbox (badness 10000) in paragraph at lines 384--387

 []


Underfull \hbox (badness 10000) in paragraph at lines 404--406

 []

LaTeX Font Info:    Font shape `T1/lmtt/bx/n' in size <10> not available
(Font)              Font shape `T1/lmtt/b/n' tried instead on input line 419.


[3]
Overfull \hbox (76.2434pt too wide) in paragraph at lines 459--459
[]\T1/lmtt/m/n/10 ## i Use the conflicted package (<http://conflicted.r-lib.org/>) to force all conflicts to become errors[] 
 []



[4]

[5]

[6]

[7]

[8]

[9]
Underfull \hbox (badness 10000) in paragraph at lines 858--861

 []


Underfull \hbox (badness 10000) in paragraph at lines 861--864

 []


Underfull \hbox (badness 10000) in paragraph at lines 872--874

 []


Underfull \hbox (badness 10000) in paragraph at lines 874--876

 []


Underfull \hbox (badness 10000) in paragraph at lines 889--894

 []


Underfull \hbox (badness 10000) in paragraph at lines 894--897

 []


Underfull \hbox (badness 10000) in paragraph at lines 897--900

 []


Underfull \hbox (badness 10000) in paragraph at lines 914--917

 []



[10]

[11]

[12]

[13]
<Assignment_1_MQ_files/figure-latex/unnamed-chunk-10-1.pdf, id=81, 469.755pt x 325.215pt>
File: Assignment_1_MQ_files/figure-latex/unnamed-chunk-10-1.pdf Graphic file (type pdf)
<use Assignment_1_MQ_files/figure-latex/unnamed-chunk-10-1.pdf>
Package pdftex.def Info: Assignment_1_MQ_files/figure-latex/unnamed-chunk-10-1.pdf  used on input line 1133.
(pdftex.def)             Requested size: 469.75386pt x 325.2142pt.
<Assignment_1_MQ_files/figure-latex/unnamed-chunk-10-2.pdf, id=82, 469.755pt x 325.215pt>
File: Assignment_1_MQ_files/figure-latex/unnamed-chunk-10-2.pdf Graphic file (type pdf)
<use Assignment_1_MQ_files/figure-latex/unnamed-chunk-10-2.pdf>
Package pdftex.def Info: Assignment_1_MQ_files/figure-latex/unnamed-chunk-10-2.pdf  used on input line 1134.
(pdftex.def)             Requested size: 469.75386pt x 325.2142pt.
<Assignment_1_MQ_files/figure-latex/unnamed-chunk-10-3.pdf, id=83, 469.755pt x 325.215pt>
File: Assignment_1_MQ_files/figure-latex/unnamed-chunk-10-3.pdf Graphic file (type pdf)
<use Assignment_1_MQ_files/figure-latex/unnamed-chunk-10-3.pdf>
Package pdftex.def Info: Assignment_1_MQ_files/figure-latex/unnamed-chunk-10-3.pdf  used on input line 1135.
(pdftex.def)             Requested size: 469.75386pt x 325.2142pt.
<Assignment_1_MQ_files/figure-latex/unnamed-chunk-10-4.pdf, id=84, 469.755pt x 325.215pt>
File: Assignment_1_MQ_files/figure-latex/unnamed-chunk-10-4.pdf Graphic file (type pdf)
<use Assignment_1_MQ_files/figure-latex/unnamed-chunk-10-4.pdf>
Package pdftex.def Info: Assignment_1_MQ_files/figure-latex/unnamed-chunk-10-4.pdf  used on input line 1136.
(pdftex.def)             Requested size: 469.75386pt x 325.2142pt.
<Assignment_1_MQ_files/figure-latex/unnamed-chunk-10-5.pdf, id=85, 469.755pt x 325.215pt>
File: Assignment_1_MQ_files/figure-latex/unnamed-chunk-10-5.pdf Graphic file (type pdf)
<use Assignment_1_MQ_files/figure-latex/unnamed-chunk-10-5.pdf>
Package pdftex.def Info: Assignment_1_MQ_files/figure-latex/unnamed-chunk-10-5.pdf  used on input line 1137.
(pdftex.def)             Requested size: 469.75386pt x 325.2142pt.
<Assignment_1_MQ_files/figure-latex/unnamed-chunk-10-6.pdf, id=86, 469.755pt x 325.215pt>
File: Assignment_1_MQ_files/figure-latex/unnamed-chunk-10-6.pdf Graphic file (type pdf)
<use Assignment_1_MQ_files/figure-latex/unnamed-chunk-10-6.pdf>
Package pdftex.def Info: Assignment_1_MQ_files/figure-latex/unnamed-chunk-10-6.pdf  used on input line 1138.
(pdftex.def)             Requested size: 469.75386pt x 325.2142pt.
<Assignment_1_MQ_files/figure-latex/unnamed-chunk-10-7.pdf, id=87, 469.755pt x 325.215pt>
File: Assignment_1_MQ_files/figure-latex/unnamed-chunk-10-7.pdf Graphic file (type pdf)
<use Assignment_1_MQ_files/figure-latex/unnamed-chunk-10-7.pdf>
Package pdftex.def Info: Assignment_1_MQ_files/figure-latex/unnamed-chunk-10-7.pdf  used on input line 1139.
(pdftex.def)             Requested size: 469.75386pt x 325.2142pt.
<Assignment_1_MQ_files/figure-latex/unnamed-chunk-10-8.pdf, id=88, 469.755pt x 325.215pt>
File: Assignment_1_MQ_files/figure-latex/unnamed-chunk-10-8.pdf Graphic file (type pdf)
<use Assignment_1_MQ_files/figure-latex/unnamed-chunk-10-8.pdf>
Package pdftex.def Info: Assignment_1_MQ_files/figure-latex/unnamed-chunk-10-8.pdf  used on input line 1140.
(pdftex.def)             Requested size: 469.75386pt x 325.2142pt.
<Assignment_1_MQ_files/figure-latex/unnamed-chunk-10-9.pdf, id=89, 469.755pt x 325.215pt>
File: Assignment_1_MQ_files/figure-latex/unnamed-chunk-10-9.pdf Graphic file (type pdf)
<use Assignment_1_MQ_files/figure-latex/unnamed-chunk-10-9.pdf>
Package pdftex.def Info: Assignment_1_MQ_files/figure-latex/unnamed-chunk-10-9.pdf  used on input line 1141.
(pdftex.def)             Requested size: 469.75386pt x 325.2142pt.
<Assignment_1_MQ_files/figure-latex/unnamed-chunk-10-10.pdf, id=90, 469.755pt x 325.215pt>
File: Assignment_1_MQ_files/figure-latex/unnamed-chunk-10-10.pdf Graphic file (type pdf)
<use Assignment_1_MQ_files/figure-latex/unnamed-chunk-10-10.pdf>
Package pdftex.def Info: Assignment_1_MQ_files/figure-latex/unnamed-chunk-10-10.pdf  used on input line 1142.
(pdftex.def)             Requested size: 469.75386pt x 325.2142pt.
<Assignment_1_MQ_files/figure-latex/unnamed-chunk-10-11.pdf, id=91, 469.755pt x 325.215pt>
File: Assignment_1_MQ_files/figure-latex/unnamed-chunk-10-11.pdf Graphic file (type pdf)
<use Assignment_1_MQ_files/figure-latex/unnamed-chunk-10-11.pdf>
Package pdftex.def Info: Assignment_1_MQ_files/figure-latex/unnamed-chunk-10-11.pdf  used on input line 1143.
(pdftex.def)             Requested size: 469.75386pt x 325.2142pt.

Underfull \hbox (badness 10000) in paragraph at lines 1133--1144
[][]
 []


Underfull \hbox (badness 10000) in paragraph at lines 1133--1144
[]
 []


Underfull \hbox (badness 10000) in paragraph at lines 1133--1144
[]
 []


Underfull \hbox (badness 10000) in paragraph at lines 1133--1144
[]
 []


Underfull \hbox (badness 10000) in paragraph at lines 1133--1144
[]
 []


Underfull \hbox (badness 10000) in paragraph at lines 1133--1144
[]
 []


Underfull \hbox (badness 10000) in paragraph at lines 1133--1144
[]
 []


Underfull \hbox (badness 10000) in paragraph at lines 1133--1144
[]
 []


Underfull \hbox (badness 10000) in paragraph at lines 1133--1144
[]
 []


Underfull \hbox (badness 10000) in paragraph at lines 1133--1144
[]
 []



[14 <./Assignment_1_MQ_files/figure-latex/unnamed-chunk-10-1.pdf>]

[15 <./Assignment_1_MQ_files/figure-latex/unnamed-chunk-10-2.pdf>]

[16 <./Assignment_1_MQ_files/figure-latex/unnamed-chunk-10-3.pdf>]

[17 <./Assignment_1_MQ_files/figure-latex/unnamed-chunk-10-4.pdf>]

[18 <./Assignment_1_MQ_files/figure-latex/unnamed-chunk-10-5.pdf>]

[19 <./Assignment_1_MQ_files/figure-latex/unnamed-chunk-10-6.pdf>]

[20 <./Assignment_1_MQ_files/figure-latex/unnamed-chunk-10-7.pdf>]

[21 <./Assignment_1_MQ_files/figure-latex/unnamed-chunk-10-8.pdf>]

[22 <./Assignment_1_MQ_files/figure-latex/unnamed-chunk-10-9.pdf>]

[23 <./Assignment_1_MQ_files/figure-latex/unnamed-chunk-10-10.pdf>]
<Assignment_1_MQ_files/figure-latex/unnamed-chunk-10-12.pdf, id=214, 469.755pt x 325.215pt>
File: Assignment_1_MQ_files/figure-latex/unnamed-chunk-10-12.pdf Graphic file (type pdf)
<use Assignment_1_MQ_files/figure-latex/unnamed-chunk-10-12.pdf>
Package pdftex.def Info: Assignment_1_MQ_files/figure-latex/unnamed-chunk-10-12.pdf  used on input line 1180.
(pdftex.def)             Requested size: 469.75386pt x 325.2142pt.
<Assignment_1_MQ_files/figure-latex/unnamed-chunk-10-13.pdf, id=215, 469.755pt x 325.215pt>
File: Assignment_1_MQ_files/figure-latex/unnamed-chunk-10-13.pdf Graphic file (type pdf)
<use Assignment_1_MQ_files/figure-latex/unnamed-chunk-10-13.pdf>
Package pdftex.def Info: Assignment_1_MQ_files/figure-latex/unnamed-chunk-10-13.pdf  used on input line 1181.
(pdftex.def)             Requested size: 469.75386pt x 325.2142pt.
<Assignment_1_MQ_files/figure-latex/unnamed-chunk-10-14.pdf, id=216, 469.755pt x 325.215pt>
File: Assignment_1_MQ_files/figure-latex/unnamed-chunk-10-14.pdf Graphic file (type pdf)
<use Assignment_1_MQ_files/figure-latex/unnamed-chunk-10-14.pdf>
Package pdftex.def Info: Assignment_1_MQ_files/figure-latex/unnamed-chunk-10-14.pdf  used on input line 1182.
(pdftex.def)             Requested size: 469.75386pt x 325.2142pt.
<Assignment_1_MQ_files/figure-latex/unnamed-chunk-10-15.pdf, id=217, 469.755pt x 325.215pt>
File: Assignment_1_MQ_files/figure-latex/unnamed-chunk-10-15.pdf Graphic file (type pdf)
<use Assignment_1_MQ_files/figure-latex/unnamed-chunk-10-15.pdf>
Package pdftex.def Info: Assignment_1_MQ_files/figure-latex/unnamed-chunk-10-15.pdf  used on input line 1183.
(pdftex.def)             Requested size: 469.75386pt x 325.2142pt.
<Assignment_1_MQ_files/figure-latex/unnamed-chunk-10-16.pdf, id=218, 469.755pt x 325.215pt>
File: Assignment_1_MQ_files/figure-latex/unnamed-chunk-10-16.pdf Graphic file (type pdf)
<use Assignment_1_MQ_files/figure-latex/unnamed-chunk-10-16.pdf>
Package pdftex.def Info: Assignment_1_MQ_files/figure-latex/unnamed-chunk-10-16.pdf  used on input line 1184.
(pdftex.def)             Requested size: 469.75386pt x 325.2142pt.
<Assignment_1_MQ_files/figure-latex/unnamed-chunk-10-17.pdf, id=219, 469.755pt x 325.215pt>
File: Assignment_1_MQ_files/figure-latex/unnamed-chunk-10-17.pdf Graphic file (type pdf)
<use Assignment_1_MQ_files/figure-latex/unnamed-chunk-10-17.pdf>
Package pdftex.def Info: Assignment_1_MQ_files/figure-latex/unnamed-chunk-10-17.pdf  used on input line 1185.
(pdftex.def)             Requested size: 469.75386pt x 325.2142pt.
<Assignment_1_MQ_files/figure-latex/unnamed-chunk-10-18.pdf, id=220, 469.755pt x 325.215pt>
File: Assignment_1_MQ_files/figure-latex/unnamed-chunk-10-18.pdf Graphic file (type pdf)
<use Assignment_1_MQ_files/figure-latex/unnamed-chunk-10-18.pdf>
Package pdftex.def Info: Assignment_1_MQ_files/figure-latex/unnamed-chunk-10-18.pdf  used on input line 1186.
(pdftex.def)             Requested size: 469.75386pt x 325.2142pt.
<Assignment_1_MQ_files/figure-latex/unnamed-chunk-10-19.pdf, id=221, 469.755pt x 325.215pt>
File: Assignment_1_MQ_files/figure-latex/unnamed-chunk-10-19.pdf Graphic file (type pdf)
<use Assignment_1_MQ_files/figure-latex/unnamed-chunk-10-19.pdf>
Package pdftex.def Info: Assignment_1_MQ_files/figure-latex/unnamed-chunk-10-19.pdf  used on input line 1187.
(pdftex.def)             Requested size: 469.75386pt x 325.2142pt.
<Assignment_1_MQ_files/figure-latex/unnamed-chunk-10-20.pdf, id=222, 469.755pt x 325.215pt>
File: Assignment_1_MQ_files/figure-latex/unnamed-chunk-10-20.pdf Graphic file (type pdf)
<use Assignment_1_MQ_files/figure-latex/unnamed-chunk-10-20.pdf>
Package pdftex.def Info: Assignment_1_MQ_files/figure-latex/unnamed-chunk-10-20.pdf  used on input line 1188.
(pdftex.def)             Requested size: 469.75386pt x 325.2142pt.
<Assignment_1_MQ_files/figure-latex/unnamed-chunk-10-21.pdf, id=223, 469.755pt x 325.215pt>
File: Assignment_1_MQ_files/figure-latex/unnamed-chunk-10-21.pdf Graphic file (type pdf)
<use Assignment_1_MQ_files/figure-latex/unnamed-chunk-10-21.pdf>
Package pdftex.def Info: Assignment_1_MQ_files/figure-latex/unnamed-chunk-10-21.pdf  used on input line 1189.
(pdftex.def)             Requested size: 469.75386pt x 325.2142pt.

Underfull \hbox (badness 10000) in paragraph at lines 1180--1190
[][]
 []


Underfull \hbox (badness 10000) in paragraph at lines 1180--1190
[]
 []


Underfull \hbox (badness 10000) in paragraph at lines 1180--1190
[]
 []


Underfull \hbox (badness 10000) in paragraph at lines 1180--1190
[]
 []


Underfull \hbox (badness 10000) in paragraph at lines 1180--1190
[]
 []


Underfull \hbox (badness 10000) in paragraph at lines 1180--1190
[]
 []


Underfull \hbox (badness 10000) in paragraph at lines 1180--1190
[]
 []


Underfull \hbox (badness 10000) in paragraph at lines 1180--1190
[]
 []


Underfull \hbox (badness 10000) in paragraph at lines 1180--1190
[]
 []



[24 <./Assignment_1_MQ_files/figure-latex/unnamed-chunk-10-11.pdf>]

[25 <./Assignment_1_MQ_files/figure-latex/unnamed-chunk-10-12.pdf>]

[26 <./Assignment_1_MQ_files/figure-latex/unnamed-chunk-10-13.pdf>]

[27 <./Assignment_1_MQ_files/figure-latex/unnamed-chunk-10-14.pdf>]

[28 <./Assignment_1_MQ_files/figure-latex/unnamed-chunk-10-15.pdf>]

[29 <./Assignment_1_MQ_files/figure-latex/unnamed-chunk-10-16.pdf>]

[30 <./Assignment_1_MQ_files/figure-latex/unnamed-chunk-10-17.pdf>]

[31 <./Assignment_1_MQ_files/figure-latex/unnamed-chunk-10-18.pdf>]

[32 <./Assignment_1_MQ_files/figure-latex/unnamed-chunk-10-19.pdf>]

[33 <./Assignment_1_MQ_files/figure-latex/unnamed-chunk-10-20.pdf>]
Underfull \hbox (badness 10000) in paragraph at lines 1199--1201

 []


Underfull \hbox (badness 10000) in paragraph at lines 1201--1204

 []


Underfull \hbox (badness 10000) in paragraph at lines 1215--1217

 []


Underfull \hbox (badness 10000) in paragraph at lines 1227--1230

 []



[34 <./Assignment_1_MQ_files/figure-latex/unnamed-chunk-10-21.pdf>]
Underfull \hbox (badness 10000) in paragraph at lines 1240--1242

 []


Underfull \hbox (badness 10000) in paragraph at lines 1242--1245

 []


Underfull \hbox (badness 10000) in paragraph at lines 1245--1248

 []


Underfull \hbox (badness 10000) in paragraph at lines 1248--1250

 []


Underfull \hbox (badness 10000) in paragraph at lines 1260--1262

 []


Underfull \hbox (badness 10000) in paragraph at lines 1273--1275

 []


Underfull \hbox (badness 10000) in paragraph at lines 1275--1277

 []


Underfull \hbox (badness 10000) in paragraph at lines 1288--1290

 []


Underfull \hbox (badness 10000) in paragraph at lines 1290--1292

 []


Underfull \hbox (badness 10000) in paragraph at lines 1302--1304

 []


Underfull \hbox (badness 10000) in paragraph at lines 1315--1318

 []



[35]
Underfull \hbox (badness 10000) in paragraph at lines 1318--1321

 []



[36]
Underfull \hbox (badness 10000) in paragraph at lines 1381--1384

 []


Underfull \hbox (badness 10000) in paragraph at lines 1384--1387

 []


Underfull \hbox (badness 10000) in paragraph at lines 1387--1391

 []


Underfull \hbox (badness 10000) in paragraph at lines 1394--1398

 []


Underfull \hbox (badness 10000) in paragraph at lines 1398--1402

 []


Underfull \hbox (badness 10000) in paragraph at lines 1405--1409

 []


Underfull \hbox (badness 10000) in paragraph at lines 1426--1429

 []


Underfull \hbox (badness 10000) in paragraph at lines 1429--1432

 []



[37]
<Assignment_1_MQ_files/figure-latex/unnamed-chunk-12-1.pdf, id=355, 469.755pt x 325.215pt>
File: Assignment_1_MQ_files/figure-latex/unnamed-chunk-12-1.pdf Graphic file (type pdf)
<use Assignment_1_MQ_files/figure-latex/unnamed-chunk-12-1.pdf>
Package pdftex.def Info: Assignment_1_MQ_files/figure-latex/unnamed-chunk-12-1.pdf  used on input line 1477.
(pdftex.def)             Requested size: 469.75386pt x 325.2142pt.

Underfull \hbox (badness 10000) in paragraph at lines 1477--1479
[][]
 []



[38]
Underfull \hbox (badness 10000) in paragraph at lines 1486--1488

 []


Underfull \hbox (badness 10000) in paragraph at lines 1488--1490

 []


Underfull \hbox (badness 10000) in paragraph at lines 1490--1492

 []


Underfull \hbox (badness 10000) in paragraph at lines 1507--1509

 []


Underfull \hbox (badness 10000) in paragraph at lines 1509--1512

 []


Underfull \hbox (badness 10000) in paragraph at lines 1512--1515

 []


Underfull \hbox (badness 10000) in paragraph at lines 1524--1526

 []



[39 <./Assignment_1_MQ_files/figure-latex/unnamed-chunk-12-1.pdf>]
Underfull \hbox (badness 10000) in paragraph at lines 1526--1528

 []


Underfull \hbox (badness 10000) in paragraph at lines 1528--1530

 []


Underfull \hbox (badness 10000) in paragraph at lines 1530--1532

 []


Underfull \hbox (badness 10000) in paragraph at lines 1542--1544

 []


Underfull \hbox (badness 10000) in paragraph at lines 1544--1546

 []


Underfull \hbox (badness 10000) in paragraph at lines 1546--1548

 []


Underfull \hbox (badness 10000) in paragraph at lines 1558--1560

 []


Underfull \hbox (badness 10000) in paragraph at lines 1560--1562

 []


Underfull \hbox (badness 10000) in paragraph at lines 1573--1576

 []


Underfull \hbox (badness 10000) in paragraph at lines 1577--1580

 []


Underfull \hbox (badness 10000) in paragraph at lines 1580--1583

 []



[40]
<Assignment_1_MQ_files/figure-latex/unnamed-chunk-13-1.pdf, id=376, 469.755pt x 325.215pt>
File: Assignment_1_MQ_files/figure-latex/unnamed-chunk-13-1.pdf Graphic file (type pdf)
<use Assignment_1_MQ_files/figure-latex/unnamed-chunk-13-1.pdf>
Package pdftex.def Info: Assignment_1_MQ_files/figure-latex/unnamed-chunk-13-1.pdf  used on input line 1619.
(pdftex.def)             Requested size: 469.75386pt x 325.2142pt.


[41 <./Assignment_1_MQ_files/figure-latex/unnamed-chunk-13-1.pdf>]
<Assignment_1_MQ_files/figure-latex/unnamed-chunk-14-1.pdf, id=386, 469.755pt x 325.215pt>
File: Assignment_1_MQ_files/figure-latex/unnamed-chunk-14-1.pdf Graphic file (type pdf)
<use Assignment_1_MQ_files/figure-latex/unnamed-chunk-14-1.pdf>
Package pdftex.def Info: Assignment_1_MQ_files/figure-latex/unnamed-chunk-14-1.pdf  used on input line 1662.
(pdftex.def)             Requested size: 469.75386pt x 325.2142pt.

Underfull \hbox (badness 10000) in paragraph at lines 1662--1664
[][]
 []



[42]
Underfull \hbox (badness 10000) in paragraph at lines 1668--1670

 []


Underfull \hbox (badness 10000) in paragraph at lines 1670--1672

 []


! LaTeX Error: Unicode character − (U+2212)
               not set up for use with LaTeX.

See the LaTeX manual or LaTeX Companion for explanation.
Type  H <return>  for immediate help.
 ...                                              
                                                  
l.1672 ...hiskers:} last data points within Q1 −
                                                   1.5·IQR and Q3 + 
Here is how much of TeX's memory you used:
 11797 strings out of 475171
 191415 string characters out of 5764405
 602240 words of memory out of 5000000
 34561 multiletter control sequences out of 15000+600000
 598438 words of font info for 65 fonts, out of 8000000 for 9000
 14 hyphenation exceptions out of 8191
 89i,6n,93p,358b,585s stack positions out of 10000i,1000n,20000p,200000b,200000s

!  ==> Fatal error occurred, no output PDF file produced!
